[NX v22.7.1 Daemon Client] - 2026-05-13T13:47:34.850Z - [Client] Starting new daemon server in background
[NX v22.7.1 Daemon Client] - 2026-05-13T13:47:34.852Z - [Client] Waiting for server (max: 6000 attempts, 10ms interval)
[NX v22.7.1 Daemon Server] - 2026-05-13T13:47:35.192Z - New daemon starting from: /Users/a.tikhonenko/Sites/lerna-versions/node_modules/nx/dist/src/daemon/server/server.js
[NX v22.7.1 Daemon Server] - 2026-05-13T13:47:35.192Z - New daemon __dirname: /Users/a.tikhonenko/Sites/lerna-versions/node_modules/nx/dist/src/daemon/server
[NX v22.7.1 Daemon Server] - 2026-05-13T13:47:35.192Z - New daemon nxVersion: 22.7.1
[NX v22.7.1 Daemon Server] - 2026-05-13T13:47:35.193Z - New daemon getInstalledNxVersion(): 22.7.1
[NX v22.7.1 Daemon Server] - 2026-05-13T13:47:35.194Z - Time taken for 'workspace context init' 0.6732920000000036ms
[NX v22.7.1 Daemon Server] - 2026-05-13T13:47:35.195Z - [Server] Starting outdated check interval (20ms)
[NX v22.7.1 Daemon Server] - 2026-05-13T13:47:35.196Z - Started listening on: /private/tmp/6d3ec0026e7ca25c66d9/d.sock
[NX v22.7.1 Daemon Client] - 2026-05-13T13:47:35.196Z - [Client] Server available
[NX v22.7.1 Daemon Client] - 2026-05-13T13:47:35.196Z - [Client] Daemon server started, pid=34143
[NX v22.7.1 Daemon Server] - 2026-05-13T13:47:35.196Z - [WATCHER]: Subscribed to changes within: /Users/a.tikhonenko/Sites/lerna-versions (native)
[NX v22.7.1 Daemon Client] - 2026-05-13T13:47:35.197Z - [Messenger] Setting up socket listeners
[NX v22.7.1 Daemon Server] - 2026-05-13T13:47:35.197Z - [LATEST-NX]: Pulling latest Nx...
[NX v22.7.1 Daemon Client] - 2026-05-13T13:47:35.197Z - [Messenger] listen() complete
Fetching nx...
[NX v22.7.1 Daemon Client] - 2026-05-13T13:47:35.203Z - [Messenger] Sending message type: REQUEST_PROJECT_GRAPH
[NX v22.7.1 Daemon Client] - 2026-05-13T13:47:35.204Z - [Messenger] Message sent
[NX v22.7.1 Daemon Server] - 2026-05-13T13:47:35.512Z - [AI-AGENTS]: Starting agent configuration status computation
[NX v22.7.1 Daemon Server] - 2026-05-13T13:47:35.520Z - [REQUEST]: Updated workspace context based on watched changes, recomputing project graph...
[NX v22.7.1 Daemon Server] - 2026-05-13T13:47:35.520Z - [REQUEST]: 
[NX v22.7.1 Daemon Server] - 2026-05-13T13:47:35.520Z - [REQUEST]: 
[NX v22.7.1 Daemon Server] - 2026-05-13T13:47:35.679Z - [SYNC]: collect registered sync generators
[NX v22.7.1 Daemon Server] - 2026-05-13T13:47:35.679Z - [WATCHER]: Processing file changes in outputs
[NX v22.7.1 Daemon Server] - 2026-05-13T13:47:35.680Z - Established a connection. Number of open connections: 1
[NX v22.7.1 Daemon Server] - 2026-05-13T13:47:35.680Z - Time taken for 'loadDefaultNxPlugins' 6.934459000000061ms
[NX v22.7.1 Daemon Server] - 2026-05-13T13:47:35.680Z - Time taken for 'Load Nx Plugin: /Users/a.tikhonenko/Sites/lerna-versions/node_modules/nx/dist/src/plugins/js' 6.776499999999942ms
[NX v22.7.1 Daemon Server] - 2026-05-13T13:47:35.680Z - Time taken for 'Load Nx Plugin: /Users/a.tikhonenko/Sites/lerna-versions/node_modules/nx/dist/src/plugins/package-json' 6.688083000000006ms
[NX v22.7.1 Daemon Server] - 2026-05-13T13:47:35.680Z - Time taken for 'Load Nx Plugin: /Users/a.tikhonenko/Sites/lerna-versions/node_modules/nx/dist/src/plugins/project-json/build-nodes/project-json' 6.6356250000000045ms
[NX v22.7.1 Daemon Server] - 2026-05-13T13:47:35.680Z - Time taken for 'loadSpecifiedNxPlugins' 0.2966660000000729ms
[NX v22.7.1 Daemon Server] - 2026-05-13T13:47:35.680Z - Time taken for 'hash changed files from watcher' 0.051041999999938525ms
[NX v22.7.1 Daemon Server] - 2026-05-13T13:47:35.680Z - Time taken for 'build-project-configs' 134.98754099999996ms
[NX v22.7.1 Daemon Server] - 2026-05-13T13:47:35.680Z - Time taken for 'nx/js/dependencies-and-lockfile:createNodes' 131.71137499999998ms
[NX v22.7.1 Daemon Server] - 2026-05-13T13:47:35.680Z - Time taken for 'nx/core/package-json:createNodes' 65.15633300000002ms
[NX v22.7.1 Daemon Server] - 2026-05-13T13:47:35.680Z - Time taken for 'nx/core/project-json:createNodes' 0.023874999999975444ms
[NX v22.7.1 Daemon Server] - 2026-05-13T13:47:35.680Z - Time taken for 'createNodes:merge' 1.7893339999999398ms
[NX v22.7.1 Daemon Server] - 2026-05-13T13:47:35.680Z - Time taken for 'native-file-deps' 0.0018329999999195934ms
[NX v22.7.1 Daemon Server] - 2026-05-13T13:47:35.680Z - Time taken for 'get-workspace-files' 0.20258300000000418ms
[NX v22.7.1 Daemon Server] - 2026-05-13T13:47:35.680Z - Time taken for 'get-all-workspace-files' 0.021333000000026914ms
[NX v22.7.1 Daemon Server] - 2026-05-13T13:47:35.680Z - Time taken for 'total execution time for createProjectGraph()' 17.70987500000001ms
[NX v22.7.1 Daemon Server] - 2026-05-13T13:47:35.680Z - Time taken for 'read cache' 0.036541999999940344ms
[NX v22.7.1 Daemon Server] - 2026-05-13T13:47:35.680Z - Time taken for 'createDependencies' 15.481583ms
[NX v22.7.1 Daemon Server] - 2026-05-13T13:47:35.680Z - Time taken for 'nx/js/dependencies-and-lockfile:createDependencies' 15.422958999999992ms
[NX v22.7.1 Daemon Server] - 2026-05-13T13:47:35.680Z - Time taken for 'build typescript dependencies' 5.328000000000088ms
[NX v22.7.1 Daemon Server] - 2026-05-13T13:47:35.680Z - Time taken for 'createMetadata' 0.010709000000019842ms
[NX v22.7.1 Daemon Server] - 2026-05-13T13:47:35.680Z - Time taken for 'serialize graph' 0.9780419999999594ms
[NX v22.7.1 Daemon Server] - 2026-05-13T13:47:35.681Z - Established a connection. Number of open connections: 2
[NX v22.7.1 Daemon Server] - 2026-05-13T13:47:35.681Z - Closed a connection. Number of open connections: 1
[NX v22.7.1 Daemon Server] - 2026-05-13T13:47:35.681Z - Received raw message of length 3652
[NX v22.7.1 Daemon Server] - 2026-05-13T13:47:35.681Z - Received json message of type REQUEST_PROJECT_GRAPH
[NX v22.7.1 Daemon Server] - 2026-05-13T13:47:35.681Z - [REQUEST]: Client Request for Project Graph Received
[NX v22.7.1 Daemon Server] - 2026-05-13T13:47:35.682Z - [REQUEST]: Updated workspace context based on watched changes, recomputing project graph...
[NX v22.7.1 Daemon Server] - 2026-05-13T13:47:35.682Z - [REQUEST]: 
[NX v22.7.1 Daemon Server] - 2026-05-13T13:47:35.682Z - [REQUEST]: 
[NX v22.7.1 Daemon Server] - 2026-05-13T13:47:35.688Z - No files changed, but no in-memory cached project graph found. Recomputing it...
[NX v22.7.1 Daemon Server] - 2026-05-13T13:47:35.688Z - Streaming message to client: progress update for topic graph-construction
[NX v22.7.1 Daemon Client] - 2026-05-13T13:47:35.688Z - [Messenger] Received message, length: 47
[NX v22.7.1 Daemon Server] - 2026-05-13T13:47:35.692Z - Streaming message to client: progress update for topic graph-construction
[NX v22.7.1 Daemon Server] - 2026-05-13T13:47:35.692Z - Streaming message to client: progress update for topic graph-construction
[NX v22.7.1 Daemon Server] - 2026-05-13T13:47:35.692Z - Streaming message to client: progress update for topic graph-construction
[NX v22.7.1 Daemon Client] - 2026-05-13T13:47:35.692Z - [Messenger] Received message, length: 153
[NX v22.7.1 Daemon Client] - 2026-05-13T13:47:35.692Z - [Messenger] Received message, length: 101
[NX v22.7.1 Daemon Client] - 2026-05-13T13:47:35.692Z - [Messenger] Received message, length: 47
[NX v22.7.1 Daemon Server] - 2026-05-13T13:47:35.694Z - Streaming message to client: progress update for topic graph-construction
[NX v22.7.1 Daemon Client] - 2026-05-13T13:47:35.694Z - [Messenger] Received message, length: 47
[NX v22.7.1 Daemon Server] - 2026-05-13T13:47:35.696Z - Streaming message to client: progress update for topic graph-construction
[NX v22.7.1 Daemon Client] - 2026-05-13T13:47:35.696Z - [Messenger] Received message, length: 47
[NX v22.7.1 Daemon Server] - 2026-05-13T13:47:35.703Z - Wrote project graph cache to /Users/a.tikhonenko/Sites/lerna-versions/.nx/workspace-data/project-graph.json
[NX v22.7.1 Daemon Server] - 2026-05-13T13:47:35.703Z - Serializing response for REQUEST_PROJECT_GRAPH message in json mode
[NX v22.7.1 Daemon Server] - 2026-05-13T13:47:35.703Z - Responding to REQUEST_PROJECT_GRAPH message
[NX v22.7.1 Daemon Server] - 2026-05-13T13:47:35.703Z - [REQUEST]: Responding to the client. project-graph
[NX v22.7.1 Daemon Server] - 2026-05-13T13:47:35.703Z - Time taken for 'total for creating and serializing project graph' 21.647666999999956ms
[NX v22.7.1 Daemon Server] - 2026-05-13T13:47:35.703Z - Time taken for 'hash changed files from watcher' 0.07504200000005312ms
[NX v22.7.1 Daemon Server] - 2026-05-13T13:47:35.703Z - Time taken for 'workspace context init' 0.04862500000001546ms
[NX v22.7.1 Daemon Server] - 2026-05-13T13:47:35.703Z - Time taken for 'build-project-configs' 4.772207999999978ms
[NX v22.7.1 Daemon Server] - 2026-05-13T13:47:35.703Z - Time taken for 'nx/js/dependencies-and-lockfile:createNodes' 3.6653330000000324ms
[NX v22.7.1 Daemon Server] - 2026-05-13T13:47:35.703Z - Time taken for 'nx/core/package-json:createNodes' 0.58562500000005ms
[NX v22.7.1 Daemon Server] - 2026-05-13T13:47:35.703Z - Time taken for 'nx/core/project-json:createNodes' 0.008750000000077307ms
[NX v22.7.1 Daemon Server] - 2026-05-13T13:47:35.703Z - Time taken for 'createNodes:merge' 0.6573750000000018ms
[NX v22.7.1 Daemon Server] - 2026-05-13T13:47:35.703Z - Time taken for 'native-file-deps' 0.0007500000000391083ms
[NX v22.7.1 Daemon Server] - 2026-05-13T13:47:35.703Z - Time taken for 'get-workspace-files' 0.19962500000008276ms
[NX v22.7.1 Daemon Server] - 2026-05-13T13:47:35.704Z - Time taken for 'get-all-workspace-files' 0.009500000000002728ms
[NX v22.7.1 Daemon Server] - 2026-05-13T13:47:35.704Z - Time taken for 'total execution time for createProjectGraph()' 6.559916000000044ms
[NX v22.7.1 Daemon Server] - 2026-05-13T13:47:35.704Z - Time taken for 'read cache' 0.016500000000064574ms
[NX v22.7.1 Daemon Server] - 2026-05-13T13:47:35.704Z - Time taken for 'createDependencies' 5.281083000000081ms
[NX v22.7.1 Daemon Server] - 2026-05-13T13:47:35.704Z - Time taken for 'nx/js/dependencies-and-lockfile:createDependencies' 5.222875000000045ms
[NX v22.7.1 Daemon Server] - 2026-05-13T13:47:35.704Z - Time taken for 'build typescript dependencies' 0.6668329999999969ms
[NX v22.7.1 Daemon Server] - 2026-05-13T13:47:35.704Z - Time taken for 'createMetadata' 0.004958999999985281ms
[NX v22.7.1 Daemon Server] - 2026-05-13T13:47:35.704Z - Time taken for 'serialize graph' 0.9959999999999809ms
[NX v22.7.1 Daemon Server] - 2026-05-13T13:47:35.704Z - Time taken for 'write cache' 2.7146249999999554ms
[NX v22.7.1 Daemon Server] - 2026-05-13T13:47:35.705Z - Done responding to the client project-graph
[NX v22.7.1 Daemon Server] - 2026-05-13T13:47:35.705Z - Handled json message REQUEST_PROJECT_GRAPH. Handling time: 22. Response time: 2.
[NX v22.7.1 Daemon Client] - 2026-05-13T13:47:35.705Z - [Messenger] Received message, length: 692962
[NX v22.7.1 Daemon Client] - 2026-05-13T13:47:35.707Z - [Messenger] Sending message type: GET_CONTEXT_FILE_DATA
[NX v22.7.1 Daemon Server] - 2026-05-13T13:47:35.707Z - Received raw message of length 32
[NX v22.7.1 Daemon Server] - 2026-05-13T13:47:35.707Z - Received json message of type GET_CONTEXT_FILE_DATA
[NX v22.7.1 Daemon Client] - 2026-05-13T13:47:35.707Z - [Messenger] Message sent
[NX v22.7.1 Daemon Server] - 2026-05-13T13:47:35.708Z - Serializing response for GET_CONTEXT_FILE_DATA message in json mode
[NX v22.7.1 Daemon Server] - 2026-05-13T13:47:35.708Z - Responding to GET_CONTEXT_FILE_DATA message
[NX v22.7.1 Daemon Server] - 2026-05-13T13:47:35.708Z - [REQUEST]: Responding to the client. handleContextFileData
[NX v22.7.1 Daemon Server] - 2026-05-13T13:47:35.708Z - Done responding to the client handleContextFileData
[NX v22.7.1 Daemon Server] - 2026-05-13T13:47:35.708Z - Handled json message GET_CONTEXT_FILE_DATA. Handling time: 1. Response time: 0.
[NX v22.7.1 Daemon Client] - 2026-05-13T13:47:35.708Z - [Messenger] Received message, length: 2796
[NX v22.7.1 Daemon Server] - 2026-05-13T13:47:35.776Z - Closed a connection. Number of open connections: 0
